INFO [05-20|14:37:40.963] Maximum peer count                       ETH=50 LES=0 total=50
INFO [05-20|14:37:40.969] Smartcard socket not found, disabling    err="stat /run/pcscd/pcscd.comm: no such file or directory"
INFO [05-20|14:37:40.976] Snap sync requested, enabling --snapshot 
INFO [05-20|14:37:40.976] Set global gas cap                       cap=50,000,000
INFO [05-20|14:37:40.986] Allocated trie memory caches             clean=154.00MiB dirty=256.00MiB
INFO [05-20|14:37:40.987] Allocated cache and file handles         database=/home/jeff/relay_chain/data/geth/chaindata cache=512.00MiB handles=524,288
INFO [05-20|14:37:41.014] Opened ancient database                  database=/home/jeff/relay_chain/data/geth/chaindata/ancient/chain readonly=false
INFO [05-20|14:37:41.014]  
INFO [05-20|14:37:41.014] --------------------------------------------------------------------------------------------------------------------------------------------------------- 
INFO [05-20|14:37:41.015] Chain ID:  10 (unknown) 
INFO [05-20|14:37:41.015] Consensus: unknown 
INFO [05-20|14:37:41.015]  
INFO [05-20|14:37:41.015] Pre-Merge hard forks: 
INFO [05-20|14:37:41.015]  - Homestead:                   0        (https://github.com/ethereum/execution-specs/blob/master/network-upgrades/mainnet-upgrades/homestead.md) 
INFO [05-20|14:37:41.015]  - Tangerine Whistle (EIP 150): 0        (https://github.com/ethereum/execution-specs/blob/master/network-upgrades/mainnet-upgrades/tangerine-whistle.md) 
INFO [05-20|14:37:41.015]  - Spurious Dragon/1 (EIP 155): 0        (https://github.com/ethereum/execution-specs/blob/master/network-upgrades/mainnet-upgrades/spurious-dragon.md) 
INFO [05-20|14:37:41.015]  - Spurious Dragon/2 (EIP 158): 0        (https://github.com/ethereum/execution-specs/blob/master/network-upgrades/mainnet-upgrades/spurious-dragon.md) 
INFO [05-20|14:37:41.015]  - Byzantium:                   0        (https://github.com/ethereum/execution-specs/blob/master/network-upgrades/mainnet-upgrades/byzantium.md) 
INFO [05-20|14:37:41.015]  - Constantinople:              0        (https://github.com/ethereum/execution-specs/blob/master/network-upgrades/mainnet-upgrades/constantinople.md) 
INFO [05-20|14:37:41.016]  - Petersburg:                  <nil> (https://github.com/ethereum/execution-specs/blob/master/network-upgrades/mainnet-upgrades/petersburg.md) 
INFO [05-20|14:37:41.016]  - Istanbul:                    <nil> (https://github.com/ethereum/execution-specs/blob/master/network-upgrades/mainnet-upgrades/istanbul.md) 
INFO [05-20|14:37:41.016]  - Berlin:                      <nil> (https://github.com/ethereum/execution-specs/blob/master/network-upgrades/mainnet-upgrades/berlin.md) 
INFO [05-20|14:37:41.016]  - London:                      <nil> (https://github.com/ethereum/execution-specs/blob/master/network-upgrades/mainnet-upgrades/london.md) 
INFO [05-20|14:37:41.016]  
INFO [05-20|14:37:41.016] The Merge is not yet available for this network! 
INFO [05-20|14:37:41.016]  - Hard-fork specification: https://github.com/ethereum/execution-specs/blob/master/network-upgrades/mainnet-upgrades/paris.md 
INFO [05-20|14:37:41.016] --------------------------------------------------------------------------------------------------------------------------------------------------------- 
INFO [05-20|14:37:41.016]  
INFO [05-20|14:37:41.016] Disk storage enabled for ethash caches   dir=/home/jeff/relay_chain/data/geth/ethash count=3
INFO [05-20|14:37:41.017] Disk storage enabled for ethash DAGs     dir=/home/jeff/.ethash                      count=2
INFO [05-20|14:37:41.017] Initialising Ethereum protocol           network=10 dbversion=<nil>
INFO [05-20|14:37:41.017] Loaded most recent local header          number=0 hash=427f2e..c10aaf td=8192 age=55y2mo3d
INFO [05-20|14:37:41.017] Loaded most recent local full block      number=0 hash=427f2e..c10aaf td=8192 age=55y2mo3d
INFO [05-20|14:37:41.017] Loaded most recent local fast block      number=0 hash=427f2e..c10aaf td=8192 age=55y2mo3d
WARN [05-20|14:37:41.018] Failed to load snapshot, regenerating    err="missing or corrupted snapshot"
INFO [05-20|14:37:41.018] Rebuilding state snapshot 
INFO [05-20|14:37:41.018] Resuming state snapshot generation       root=45ded7..6286ae accounts=0 slots=0 storage=0.00B dangling=0 elapsed="499.113µs"
INFO [05-20|14:37:41.018] Regenerated local transaction journal    transactions=0 accounts=0
INFO [05-20|14:37:41.019] Generated state snapshot                 accounts=3 slots=0 storage=141.00B dangling=0 elapsed=1.244ms
INFO [05-20|14:37:41.021] Gasprice oracle is ignoring threshold set threshold=2
WARN [05-20|14:37:41.021] Error reading unclean shutdown markers   error="leveldb: not found"
WARN [05-20|14:37:41.021] Engine API enabled                       protocol=eth
WARN [05-20|14:37:41.023] Engine API started but chain not configured for merge yet 
INFO [05-20|14:37:41.024] Starting peer-to-peer node               instance=Geth/v1.10.26-stable-e5eb32ac/linux-amd64/go1.18.5
INFO [05-20|14:37:41.039] New local node record                    seq=1,716,187,061,034 id=e11ffbdb22e8a502 ip=127.0.0.1 udp=30303 tcp=30303
INFO [05-20|14:37:41.039] Started P2P networking                   self=enode://fc03ff442208eb763b3717f1c5120f2d87ef51c16599c22546cb718cb45e48be5e69e6e9bbcb3d4c5ec2ed228e15773b25e44b79043052309894203adfaa6fac@127.0.0.1:30303
INFO [05-20|14:37:41.043] IPC endpoint opened                      url=/home/jeff/relay_chain/data/geth.ipc
ERROR[05-20|14:37:41.044] Unavailable modules in HTTP API list     unavailable=[db] available="[admin debug web3 eth txpool personal ethash miner net]"
INFO [05-20|14:37:41.044] Generated JWT secret                     path=/home/jeff/relay_chain/data/geth/jwtsecret
INFO [05-20|14:37:41.045] HTTP server started                      endpoint=[::]:8545 auth=false prefix= cors=* vhosts=*
INFO [05-20|14:37:41.045] WebSocket enabled                        url=ws://127.0.0.1:8551
INFO [05-20|14:37:41.045] HTTP server started                      endpoint=127.0.0.1:8551 auth=true  prefix= cors=localhost vhosts=localhost
WARN [05-20|14:37:41.046] ------------------------------------------------------------------- 
WARN [05-20|14:37:41.046] Referring to accounts by order in the keystore folder is dangerous! 
WARN [05-20|14:37:41.046] This functionality is deprecated and will be removed in the future! 
WARN [05-20|14:37:41.046] Please use explicit addresses! (can search via `geth account list`) 
WARN [05-20|14:37:41.046] ------------------------------------------------------------------- 
WARN [05-20|14:37:41.772] Snapshot extension registration failed   peer=6b36f791 err="peer connected on snap without compatible eth support"
INFO [05-20|14:37:42.043] Unlocked account                         address=0x6D08a988f8BDcb2DDF217ac088E37d641A1beF9b
WARN [05-20|14:37:42.044] ------------------------------------------------------------------- 
WARN [05-20|14:37:42.044] Referring to accounts by order in the keystore folder is dangerous! 
WARN [05-20|14:37:42.044] This functionality is deprecated and will be removed in the future! 
WARN [05-20|14:37:42.044] Please use explicit addresses! (can search via `geth account list`) 
WARN [05-20|14:37:42.044] ------------------------------------------------------------------- 
INFO [05-20|14:37:42.962] Unlocked account                         address=0x89114c37cA700F74c368A533Fa7025226375D309
WARN [05-20|14:37:42.963] ------------------------------------------------------------------- 
WARN [05-20|14:37:42.963] Referring to accounts by order in the keystore folder is dangerous! 
WARN [05-20|14:37:42.963] This functionality is deprecated and will be removed in the future! 
WARN [05-20|14:37:42.963] Please use explicit addresses! (can search via `geth account list`) 
WARN [05-20|14:37:42.963] ------------------------------------------------------------------- 
WARN [05-20|14:37:43.425] Snapshot extension registration failed   peer=57d541b8 err="peer connected on snap without compatible eth support"
WARN [05-20|14:37:43.478] Snapshot extension registration failed   peer=4f1e6c73 err="peer connected on snap without compatible eth support"
INFO [05-20|14:37:43.606] New local node record                    seq=1,716,187,061,035 id=e11ffbdb22e8a502 ip=42.75.34.38 udp=25222 tcp=30303
INFO [05-20|14:37:44.032] Unlocked account                         address=0x49058950Ee63969f05DE3E83675f4e8311A85093
INFO [05-20|14:37:44.082] Etherbase automatically configured       address=0x6D08a988f8BDcb2DDF217ac088E37d641A1beF9b
WARN [05-20|14:37:44.625] Snapshot extension registration failed   peer=b2ca15aa err="peer connected on snap without compatible eth support"
INFO [05-20|14:37:51.223] Looking for peers                        peercount=0 tried=136 static=0
WARN [05-20|14:37:51.733] Snapshot extension registration failed   peer=3631d220 err="peer connected on snap without compatible eth support"
WARN [05-20|14:37:53.014] Snapshot extension registration failed   peer=363cfe41 err="peer connected on snap without compatible eth support"
WARN [05-20|14:37:53.527] Snapshot extension registration failed   peer=3623d645 err="peer connected on snap without compatible eth support"
WARN [05-20|14:37:59.088] Snapshot extension registration failed   peer=f0a87cd1 err="peer connected on snap without compatible eth support"
WARN [05-20|14:37:59.106] Snapshot extension registration failed   peer=f099b26e err="peer connected on snap without compatible eth support"
WARN [05-20|14:38:00.205] Snapshot extension registration failed   peer=f085de02 err="peer connected on snap without compatible eth support"
WARN [05-20|14:38:00.440] Snapshot extension registration failed   peer=ea31afcb err="peer connected on snap without compatible eth support"
WARN [05-20|14:38:00.443] Snapshot extension registration failed   peer=09e193a3 err="peer connected on snap without compatible eth support"
WARN [05-20|14:38:00.828] Snapshot extension registration failed   peer=e193fac9 err="peer connected on snap without compatible eth support"
WARN [05-20|14:38:00.830] Snapshot extension registration failed   peer=e48890e1 err="peer connected on snap without compatible eth support"
WARN [05-20|14:38:00.846] Snapshot extension registration failed   peer=cc62a47c err="peer connected on snap without compatible eth support"
WARN [05-20|14:38:00.857] Snapshot extension registration failed   peer=ffc79fca err="peer connected on snap without compatible eth support"
WARN [05-20|14:38:01.084] Snapshot extension registration failed   peer=e0110baa err="peer connected on snap without compatible eth support"
INFO [05-20|14:38:01.249] Looking for peers                        peercount=1 tried=135 static=0
WARN [05-20|14:38:01.547] Snapshot extension registration failed   peer=036751d4 err="peer connected on snap without compatible eth support"
WARN [05-20|14:38:03.223] Snapshot extension registration failed   peer=a9c7d608 err="peer connected on snap without compatible eth support"
WARN [05-20|14:38:04.581] Snapshot extension registration failed   peer=58bd505c err="peer connected on snap without compatible eth support"
INFO [05-20|14:38:11.294] Looking for peers                        peercount=0 tried=111 static=0
WARN [05-20|14:38:14.759] Snapshot extension registration failed   peer=bc007a22 err="peer connected on snap without compatible eth support"
WARN [05-20|14:38:14.761] Snapshot extension registration failed   peer=bd9699ca err="peer connected on snap without compatible eth support"
WARN [05-20|14:38:16.665] Snapshot extension registration failed   peer=f97816b7 err="peer connected on snap without compatible eth support"
WARN [05-20|14:38:16.667] Snapshot extension registration failed   peer=982f765d err="peer connected on snap without compatible eth support"
WARN [05-20|14:38:17.891] Snapshot extension registration failed   peer=fe80147e err="peer connected on snap without compatible eth support"
WARN [05-20|14:38:17.901] Snapshot extension registration failed   peer=e3eb3771 err="peer connected on snap without compatible eth support"
WARN [05-20|14:38:17.903] Snapshot extension registration failed   peer=ee019423 err="peer connected on snap without compatible eth support"
INFO [05-20|14:38:21.308] Looking for peers                        peercount=0 tried=135 static=0
WARN [05-20|14:38:24.085] Snapshot extension registration failed   peer=93f5349c err="peer connected on snap without compatible eth support"
WARN [05-20|14:38:24.300] Snapshot extension registration failed   peer=c89c120d err="peer connected on snap without compatible eth support"
WARN [05-20|14:38:26.201] Caller gas above allowance, capping      requested=4,290,772,993 cap=50,000,000
WARN [05-20|14:38:26.253] Caller gas above allowance, capping      requested=4,290,772,993 cap=50,000,000
INFO [05-20|14:38:26.270] Setting new local account                address=0x6D08a988f8BDcb2DDF217ac088E37d641A1beF9b
INFO [05-20|14:38:26.270] Submitted contract creation              hash=0x15017c7c5522f9fb13b270e8645b263e2132b9336f74da2c2afc8f7b5a12ae31 from=0x6D08a988f8BDcb2DDF217ac088E37d641A1beF9b nonce=0 contract=0x2feA1474F702f7A45eb15D9D9dc20752Fa09f4a7 value=0
WARN [05-20|14:38:29.364] Snapshot extension registration failed   peer=e465b7dc err="peer connected on snap without compatible eth support"
INFO [05-20|14:38:31.100] Updated mining threads                   threads=1
INFO [05-20|14:38:31.100] Transaction pool price threshold updated price=1,000,000,000
INFO [05-20|14:38:31.100] Commit new sealing work                  number=1 sealhash=a208fc..c36088 uncles=0 txs=0 gas=0 fees=0 elapsed="230.64µs"
INFO [05-20|14:38:31.101] Commit new sealing work                  number=1 sealhash=9f4e28..056223 uncles=0 txs=1 gas=606,301 fees=0.000606301 elapsed="591.402µs"
INFO [05-20|14:38:31.350] Looking for peers                        peercount=0 tried=186 static=0
WARN [05-20|14:38:36.385] Snapshot extension registration failed   peer=80badcd1 err="peer connected on snap without compatible eth support"
WARN [05-20|14:38:36.438] Snapshot extension registration failed   peer=e219464f err="peer connected on snap without compatible eth support"
WARN [05-20|14:38:36.441] Snapshot extension registration failed   peer=e6f06f9a err="peer connected on snap without compatible eth support"
WARN [05-20|14:38:37.729] Snapshot extension registration failed   peer=57d541b8 err="peer connected on snap without compatible eth support"
WARN [05-20|14:38:37.734] Snapshot extension registration failed   peer=6b36f791 err="peer connected on snap without compatible eth support"
WARN [05-20|14:38:40.378] Snapshot extension registration failed   peer=2f2cee2e err="peer connected on snap without compatible eth support"
WARN [05-20|14:38:40.823] Snapshot extension registration failed   peer=2f34c251 err="peer connected on snap without compatible eth support"
INFO [05-20|14:38:41.375] Looking for peers                        peercount=0 tried=100 static=0
WARN [05-20|14:38:43.561] Snapshot extension registration failed   peer=81186c36 err="peer connected on snap without compatible eth support"
WARN [05-20|14:38:44.003] Snapshot extension registration failed   peer=e193fac9 err="peer connected on snap without compatible eth support"
WARN [05-20|14:38:45.827] Snapshot extension registration failed   peer=ed309708 err="peer connected on snap without compatible eth support"
INFO [05-20|14:38:46.247] Successfully sealed new block            number=1 sealhash=9f4e28..056223 hash=0beca7..eb2b21 elapsed=15.146s
INFO [05-20|14:38:46.248] 🔨 mined potential block                  number=1 hash=0beca7..eb2b21
INFO [05-20|14:38:46.248] Commit new sealing work                  number=2 sealhash=bfd13b..c86d8e uncles=0 txs=0 gas=0       fees=0           elapsed="614.601µs"
INFO [05-20|14:38:46.248] Commit new sealing work                  number=2 sealhash=bfd13b..c86d8e uncles=0 txs=0 gas=0       fees=0           elapsed="767.98µs"
INFO [05-20|14:38:51.754] Looking for peers                        peercount=0 tried=126 static=0
INFO [05-20|14:38:53.253] Successfully sealed new block            number=2 sealhash=bfd13b..c86d8e hash=f72f9d..00deff elapsed=7.005s
INFO [05-20|14:38:53.253] 🔨 mined potential block                  number=2 hash=f72f9d..00deff
INFO [05-20|14:38:53.254] Commit new sealing work                  number=3 sealhash=f1b656..ded3d5 uncles=0 txs=0 gas=0       fees=0           elapsed="253.067µs"
INFO [05-20|14:38:53.254] Commit new sealing work                  number=3 sealhash=f1b656..ded3d5 uncles=0 txs=0 gas=0       fees=0           elapsed="483.912µs"
WARN [05-20|14:38:57.623] Snapshot extension registration failed   peer=3ba4d343 err="peer connected on snap without compatible eth support"
INFO [05-20|14:38:57.805] Successfully sealed new block            number=3 sealhash=f1b656..ded3d5 hash=67cf4c..95aafc elapsed=4.551s
INFO [05-20|14:38:57.805] 🔨 mined potential block                  number=3 hash=67cf4c..95aafc
INFO [05-20|14:38:57.805] Commit new sealing work                  number=4 sealhash=c0df70..75aaaa uncles=0 txs=0 gas=0       fees=0           elapsed="140.758µs"
INFO [05-20|14:38:57.805] Commit new sealing work                  number=4 sealhash=c0df70..75aaaa uncles=0 txs=0 gas=0       fees=0           elapsed="360.221µs"
INFO [05-20|14:38:59.034] Successfully sealed new block            number=4 sealhash=c0df70..75aaaa hash=594c9f..be2426 elapsed=1.228s
INFO [05-20|14:38:59.034] 🔨 mined potential block                  number=4 hash=594c9f..be2426
INFO [05-20|14:38:59.035] Commit new sealing work                  number=5 sealhash=e17fa8..5e8ec3 uncles=0 txs=0 gas=0       fees=0           elapsed="256.498µs"
INFO [05-20|14:38:59.035] Commit new sealing work                  number=5 sealhash=e17fa8..5e8ec3 uncles=0 txs=0 gas=0       fees=0           elapsed="491.473µs"
WARN [05-20|14:38:59.377] Snapshot extension registration failed   peer=ff174153 err="peer connected on snap without compatible eth support"
WARN [05-20|14:38:59.472] Snapshot extension registration failed   peer=173a5b66 err="peer connected on snap without compatible eth support"
WARN [05-20|14:38:59.513] Snapshot extension registration failed   peer=e0c56a7f err="peer connected on snap without compatible eth support"
WARN [05-20|14:38:59.907] Snapshot extension registration failed   peer=b616a408 err="peer connected on snap without compatible eth support"
WARN [05-20|14:39:00.841] Snapshot extension registration failed   peer=b6ab61d6 err="peer connected on snap without compatible eth support"
WARN [05-20|14:39:01.141] Snapshot extension registration failed   peer=fa801149 err="peer connected on snap without compatible eth support"
INFO [05-20|14:39:01.788] Looking for peers                        peercount=0 tried=125 static=0
WARN [05-20|14:39:03.155] Snapshot extension registration failed   peer=3ba2565f err="peer connected on snap without compatible eth support"
WARN [05-20|14:39:03.172] Snapshot extension registration failed   peer=3ba34dc7 err="peer connected on snap without compatible eth support"
INFO [05-20|14:39:03.625] Successfully sealed new block            number=5 sealhash=e17fa8..5e8ec3 hash=4873d4..242a79 elapsed=4.591s
INFO [05-20|14:39:03.626] 🔨 mined potential block                  number=5 hash=4873d4..242a79
INFO [05-20|14:39:03.626] Commit new sealing work                  number=6 sealhash=620137..372905 uncles=0 txs=0 gas=0       fees=0           elapsed="181.26µs"
INFO [05-20|14:39:03.626] Commit new sealing work                  number=6 sealhash=620137..372905 uncles=0 txs=0 gas=0       fees=0           elapsed="386.165µs"
INFO [05-20|14:39:03.892] Successfully sealed new block            number=6 sealhash=620137..372905 hash=f6fc91..472ad5 elapsed=266.215ms
INFO [05-20|14:39:03.892] 🔨 mined potential block                  number=6 hash=f6fc91..472ad5
INFO [05-20|14:39:03.892] Commit new sealing work                  number=7 sealhash=79b516..3f329a uncles=0 txs=0 gas=0       fees=0           elapsed="239.502µs"
INFO [05-20|14:39:03.893] Commit new sealing work                  number=7 sealhash=79b516..3f329a uncles=0 txs=0 gas=0       fees=0           elapsed="489.087µs"
WARN [05-20|14:39:04.641] Snapshot extension registration failed   peer=fc05514a err="peer connected on snap without compatible eth support"
WARN [05-20|14:39:08.457] Snapshot extension registration failed   peer=3bb850eb err="peer connected on snap without compatible eth support"
INFO [05-20|14:39:09.640] Successfully sealed new block            number=7 sealhash=79b516..3f329a hash=91dfb4..4f53c1 elapsed=5.747s
INFO [05-20|14:39:09.641] 🔨 mined potential block                  number=7 hash=91dfb4..4f53c1
INFO [05-20|14:39:09.641] Commit new sealing work                  number=8 sealhash=6f653f..675c3a uncles=0 txs=0 gas=0       fees=0           elapsed="269.096µs"
INFO [05-20|14:39:09.641] Commit new sealing work                  number=8 sealhash=6f653f..675c3a uncles=0 txs=0 gas=0       fees=0           elapsed="579.85µs"
INFO [05-20|14:39:10.586] Successfully sealed new block            number=8 sealhash=6f653f..675c3a hash=c48456..5a9197 elapsed=944.623ms
INFO [05-20|14:39:10.586] 🔗 block reached canonical chain          number=1 hash=0beca7..eb2b21
INFO [05-20|14:39:10.586] 🔨 mined potential block                  number=8 hash=c48456..5a9197
INFO [05-20|14:39:10.586] Commit new sealing work                  number=9 sealhash=e92e9c..4cdd6f uncles=0 txs=0 gas=0       fees=0           elapsed="126.88µs"
INFO [05-20|14:39:10.586] Commit new sealing work                  number=9 sealhash=e92e9c..4cdd6f uncles=0 txs=0 gas=0       fees=0           elapsed="388.685µs"
INFO [05-20|14:39:11.979] Looking for peers                        peercount=0 tried=83  static=0
INFO [05-20|14:39:13.348] Successfully sealed new block            number=9 sealhash=e92e9c..4cdd6f hash=ce6e68..3a02ee elapsed=2.761s
INFO [05-20|14:39:13.348] 🔗 block reached canonical chain          number=2 hash=f72f9d..00deff
INFO [05-20|14:39:13.348] 🔨 mined potential block                  number=9 hash=ce6e68..3a02ee
INFO [05-20|14:39:13.348] Commit new sealing work                  number=10 sealhash=45c84f..9ca5f3 uncles=0 txs=0 gas=0       fees=0           elapsed="434.585µs"
INFO [05-20|14:39:13.349] Commit new sealing work                  number=10 sealhash=45c84f..9ca5f3 uncles=0 txs=0 gas=0       fees=0           elapsed="663.013µs"
INFO [05-20|14:39:14.934] Successfully sealed new block            number=10 sealhash=45c84f..9ca5f3 hash=76ffb6..f068ea elapsed=1.585s
INFO [05-20|14:39:14.934] 🔗 block reached canonical chain          number=3  hash=67cf4c..95aafc
INFO [05-20|14:39:14.934] 🔨 mined potential block                  number=10 hash=76ffb6..f068ea
INFO [05-20|14:39:14.935] Commit new sealing work                  number=11 sealhash=9dbcf3..411811 uncles=0 txs=0 gas=0       fees=0           elapsed="288.853µs"
INFO [05-20|14:39:14.935] Commit new sealing work                  number=11 sealhash=9dbcf3..411811 uncles=0 txs=0 gas=0       fees=0           elapsed="516.339µs"
INFO [05-20|14:39:16.132] Successfully sealed new block            number=11 sealhash=9dbcf3..411811 hash=b1c716..489f49 elapsed=1.197s
INFO [05-20|14:39:16.132] 🔗 block reached canonical chain          number=4  hash=594c9f..be2426
INFO [05-20|14:39:16.132] 🔨 mined potential block                  number=11 hash=b1c716..489f49
INFO [05-20|14:39:16.132] Commit new sealing work                  number=12 sealhash=896b88..89604c uncles=0 txs=0 gas=0       fees=0           elapsed="374.641µs"
INFO [05-20|14:39:16.133] Commit new sealing work                  number=12 sealhash=896b88..89604c uncles=0 txs=0 gas=0       fees=0           elapsed="809.808µs"
WARN [05-20|14:39:19.996] Snapshot extension registration failed   peer=57d541b8 err="peer connected on snap without compatible eth support"
WARN [05-20|14:39:20.063] Snapshot extension registration failed   peer=6b36f791 err="peer connected on snap without compatible eth support"
INFO [05-20|14:39:22.404] Looking for peers                        peercount=0 tried=106 static=0
INFO [05-20|14:39:23.755] Successfully sealed new block            number=12 sealhash=896b88..89604c hash=99395a..08482d elapsed=7.622s
INFO [05-20|14:39:23.756] 🔗 block reached canonical chain          number=5  hash=4873d4..242a79
INFO [05-20|14:39:23.756] 🔨 mined potential block                  number=12 hash=99395a..08482d
INFO [05-20|14:39:23.756] Commit new sealing work                  number=13 sealhash=fea49c..b1f69c uncles=0 txs=0 gas=0       fees=0           elapsed="145.974µs"
INFO [05-20|14:39:23.756] Commit new sealing work                  number=13 sealhash=fea49c..b1f69c uncles=0 txs=0 gas=0       fees=0           elapsed="355.472µs"
WARN [05-20|14:39:28.036] Snapshot extension registration failed   peer=a9c7d608 err="peer connected on snap without compatible eth support"
INFO [05-20|14:39:28.145] Successfully sealed new block            number=13 sealhash=fea49c..b1f69c hash=f13b33..9831bb elapsed=4.389s
INFO [05-20|14:39:28.145] 🔗 block reached canonical chain          number=6  hash=f6fc91..472ad5
INFO [05-20|14:39:28.145] 🔨 mined potential block                  number=13 hash=f13b33..9831bb
INFO [05-20|14:39:28.146] Commit new sealing work                  number=14 sealhash=d15e9f..0318df uncles=0 txs=0 gas=0       fees=0           elapsed="155.514µs"
INFO [05-20|14:39:28.146] Commit new sealing work                  number=14 sealhash=d15e9f..0318df uncles=0 txs=0 gas=0       fees=0           elapsed="398.232µs"
WARN [05-20|14:39:28.195] Snapshot extension registration failed   peer=b2ca15aa err="peer connected on snap without compatible eth support"
WARN [05-20|14:39:29.207] Snapshot extension registration failed   peer=aa6454cb err="peer connected on snap without compatible eth support"
INFO [05-20|14:39:31.295] Successfully sealed new block            number=14 sealhash=d15e9f..0318df hash=a079d3..5d022f elapsed=3.149s
INFO [05-20|14:39:31.295] 🔗 block reached canonical chain          number=7  hash=91dfb4..4f53c1
INFO [05-20|14:39:31.295] 🔨 mined potential block                  number=14 hash=a079d3..5d022f
INFO [05-20|14:39:31.295] Commit new sealing work                  number=15 sealhash=d2afee..bccbe0 uncles=0 txs=0 gas=0       fees=0           elapsed="144.096µs"
INFO [05-20|14:39:31.295] Commit new sealing work                  number=15 sealhash=d2afee..bccbe0 uncles=0 txs=0 gas=0       fees=0           elapsed="394.374µs"
INFO [05-20|14:39:32.433] Looking for peers                        peercount=0 tried=139 static=0
WARN [05-20|14:39:34.425] Snapshot extension registration failed   peer=ab253218 err="peer connected on snap without compatible eth support"
INFO [05-20|14:39:38.742] Successfully sealed new block            number=15 sealhash=d2afee..bccbe0 hash=a28979..60ac14 elapsed=7.446s
INFO [05-20|14:39:38.742] 🔗 block reached canonical chain          number=8  hash=c48456..5a9197
INFO [05-20|14:39:38.743] Commit new sealing work                  number=16 sealhash=3ccc47..e3f505 uncles=0 txs=0 gas=0       fees=0           elapsed="389.402µs"
INFO [05-20|14:39:38.743] Commit new sealing work                  number=16 sealhash=3ccc47..e3f505 uncles=0 txs=0 gas=0       fees=0           elapsed="588.46µs"
INFO [05-20|14:39:38.743] 🔨 mined potential block                  number=15 hash=a28979..60ac14
INFO [05-20|14:39:38.836] Successfully sealed new block            number=16 sealhash=3ccc47..e3f505 hash=3c4b80..cab263 elapsed=94.056ms
INFO [05-20|14:39:38.837] 🔗 block reached canonical chain          number=9  hash=ce6e68..3a02ee
INFO [05-20|14:39:38.837] 🔨 mined potential block                  number=16 hash=3c4b80..cab263
INFO [05-20|14:39:38.837] Commit new sealing work                  number=17 sealhash=d8982c..63df0f uncles=0 txs=0 gas=0       fees=0           elapsed="177.24µs"
INFO [05-20|14:39:38.837] Commit new sealing work                  number=17 sealhash=d8982c..63df0f uncles=0 txs=0 gas=0       fees=0           elapsed="310.691µs"
INFO [05-20|14:39:38.917] Successfully sealed new block            number=17 sealhash=d8982c..63df0f hash=4d8aba..3822fe elapsed=79.881ms
INFO [05-20|14:39:38.917] 🔗 block reached canonical chain          number=10 hash=76ffb6..f068ea
INFO [05-20|14:39:38.917] 🔨 mined potential block                  number=17 hash=4d8aba..3822fe
INFO [05-20|14:39:38.917] Commit new sealing work                  number=18 sealhash=47686d..3592b2 uncles=0 txs=0 gas=0       fees=0           elapsed="247.642µs"
INFO [05-20|14:39:38.917] Commit new sealing work                  number=18 sealhash=47686d..3592b2 uncles=0 txs=0 gas=0       fees=0           elapsed="406.886µs"
WARN [05-20|14:39:40.301] Snapshot extension registration failed   peer=0dc468e0 err="peer connected on snap without compatible eth support"
INFO [05-20|14:39:42.513] Looking for peers                        peercount=0 tried=120 static=0
INFO [05-20|14:39:42.860] Successfully sealed new block            number=18 sealhash=47686d..3592b2 hash=1fd699..ae19c1 elapsed=3.943s
INFO [05-20|14:39:42.861] 🔗 block reached canonical chain          number=11 hash=b1c716..489f49
INFO [05-20|14:39:42.861] 🔨 mined potential block                  number=18 hash=1fd699..ae19c1
INFO [05-20|14:39:42.861] Commit new sealing work                  number=19 sealhash=accaff..d4bbd8 uncles=0 txs=0 gas=0       fees=0           elapsed="202.151µs"
INFO [05-20|14:39:42.861] Commit new sealing work                  number=19 sealhash=accaff..d4bbd8 uncles=0 txs=0 gas=0       fees=0           elapsed="534.919µs"
INFO [05-20|14:39:49.551] Successfully sealed new block            number=19 sealhash=accaff..d4bbd8 hash=98ce06..7687fb elapsed=6.690s
INFO [05-20|14:39:49.552] 🔗 block reached canonical chain          number=12 hash=99395a..08482d
INFO [05-20|14:39:49.552] 🔨 mined potential block                  number=19 hash=98ce06..7687fb
INFO [05-20|14:39:49.552] Commit new sealing work                  number=20 sealhash=f228b6..3d2a5f uncles=0 txs=0 gas=0       fees=0           elapsed="150.837µs"
INFO [05-20|14:39:49.552] Commit new sealing work                  number=20 sealhash=f228b6..3d2a5f uncles=0 txs=0 gas=0       fees=0           elapsed="271.558µs"
INFO [05-20|14:39:50.321] Successfully sealed new block            number=20 sealhash=f228b6..3d2a5f hash=857919..d1d24a elapsed=769.021ms
INFO [05-20|14:39:50.321] 🔗 block reached canonical chain          number=13 hash=f13b33..9831bb
INFO [05-20|14:39:50.321] 🔨 mined potential block                  number=20 hash=857919..d1d24a
INFO [05-20|14:39:50.321] Commit new sealing work                  number=21 sealhash=08d42d..76e05f uncles=0 txs=0 gas=0       fees=0           elapsed="113.66µs"
INFO [05-20|14:39:50.321] Commit new sealing work                  number=21 sealhash=08d42d..76e05f uncles=0 txs=0 gas=0       fees=0           elapsed="196.376µs"
INFO [05-20|14:39:52.689] Looking for peers                        peercount=0 tried=129 static=0
WARN [05-20|14:39:58.265] Snapshot extension registration failed   peer=ea31afcb err="peer connected on snap without compatible eth support"
WARN [05-20|14:39:58.287] Snapshot extension registration failed   peer=ebfedf8a err="peer connected on snap without compatible eth support"
WARN [05-20|14:39:58.718] Snapshot extension registration failed   peer=eac6e651 err="peer connected on snap without compatible eth support"
WARN [05-20|14:39:59.370] Snapshot extension registration failed   peer=18d61d32 err="peer connected on snap without compatible eth support"
WARN [05-20|14:39:59.752] Snapshot extension registration failed   peer=7d9aef98 err="peer connected on snap without compatible eth support"
WARN [05-20|14:39:59.765] Snapshot extension registration failed   peer=c4f1365e err="peer connected on snap without compatible eth support"
WARN [05-20|14:39:59.801] Snapshot extension registration failed   peer=e193fac9 err="peer connected on snap without compatible eth support"
WARN [05-20|14:39:59.806] Snapshot extension registration failed   peer=ade7f599 err="peer connected on snap without compatible eth support"
WARN [05-20|14:39:59.828] Snapshot extension registration failed   peer=e4cd7ad8 err="peer connected on snap without compatible eth support"
INFO [05-20|14:40:02.657] Successfully sealed new block            number=21 sealhash=08d42d..76e05f hash=1100db..57a553 elapsed=12.335s
INFO [05-20|14:40:02.657] 🔗 block reached canonical chain          number=14 hash=a079d3..5d022f
INFO [05-20|14:40:02.657] 🔨 mined potential block                  number=21 hash=1100db..57a553
INFO [05-20|14:40:02.658] Commit new sealing work                  number=22 sealhash=f7e5d1..7f2d34 uncles=0 txs=0 gas=0       fees=0           elapsed="262.485µs"
INFO [05-20|14:40:02.658] Commit new sealing work                  number=22 sealhash=f7e5d1..7f2d34 uncles=0 txs=0 gas=0       fees=0           elapsed="485.117µs"
INFO [05-20|14:40:02.805] Looking for peers                        peercount=0 tried=197 static=0
INFO [05-20|14:40:06.035] Successfully sealed new block            number=22 sealhash=f7e5d1..7f2d34 hash=3738aa..e76515 elapsed=3.377s
INFO [05-20|14:40:06.036] 🔗 block reached canonical chain          number=15 hash=a28979..60ac14
INFO [05-20|14:40:06.036] 🔨 mined potential block                  number=22 hash=3738aa..e76515
INFO [05-20|14:40:06.036] Commit new sealing work                  number=23 sealhash=09ca60..1f87a6 uncles=0 txs=0 gas=0       fees=0           elapsed="232.63µs"
INFO [05-20|14:40:06.036] Commit new sealing work                  number=23 sealhash=09ca60..1f87a6 uncles=0 txs=0 gas=0       fees=0           elapsed="508.601µs"
INFO [05-20|14:40:09.654] Successfully sealed new block            number=23 sealhash=09ca60..1f87a6 hash=ffff87..704b24 elapsed=3.618s
INFO [05-20|14:40:09.654] 🔗 block reached canonical chain          number=16 hash=3c4b80..cab263
INFO [05-20|14:40:09.654] 🔨 mined potential block                  number=23 hash=ffff87..704b24
INFO [05-20|14:40:09.655] Commit new sealing work                  number=24 sealhash=18e42b..079857 uncles=0 txs=0 gas=0       fees=0           elapsed="194.509µs"
INFO [05-20|14:40:09.655] Commit new sealing work                  number=24 sealhash=18e42b..079857 uncles=0 txs=0 gas=0       fees=0           elapsed="387.41µs"
WARN [05-20|14:40:10.181] Snapshot extension registration failed   peer=8ec21f90 err="peer connected on snap without compatible eth support"
WARN [05-20|14:40:10.232] Snapshot extension registration failed   peer=a9c7d608 err="peer connected on snap without compatible eth support"
WARN [05-20|14:40:10.384] Snapshot extension registration failed   peer=b2ca15aa err="peer connected on snap without compatible eth support"
INFO [05-20|14:40:12.848] Looking for peers                        peercount=1 tried=168 static=0
INFO [05-20|14:40:20.113] Successfully sealed new block            number=24 sealhash=18e42b..079857 hash=b71d82..c78283 elapsed=10.457s
INFO [05-20|14:40:20.113] 🔗 block reached canonical chain          number=17 hash=4d8aba..3822fe
INFO [05-20|14:40:20.113] 🔨 mined potential block                  number=24 hash=b71d82..c78283
INFO [05-20|14:40:20.113] Commit new sealing work                  number=25 sealhash=0c9e37..3aa978 uncles=0 txs=0 gas=0       fees=0           elapsed="174.165µs"
INFO [05-20|14:40:20.113] Commit new sealing work                  number=25 sealhash=0c9e37..3aa978 uncles=0 txs=0 gas=0       fees=0           elapsed="417.711µs"
WARN [05-20|14:40:22.175] Snapshot extension registration failed   peer=57d541b8 err="peer connected on snap without compatible eth support"
WARN [05-20|14:40:22.197] Snapshot extension registration failed   peer=4f1e6c73 err="peer connected on snap without compatible eth support"
WARN [05-20|14:40:22.202] Snapshot extension registration failed   peer=6b36f791 err="peer connected on snap without compatible eth support"
INFO [05-20|14:40:22.866] Looking for peers                        peercount=0 tried=158 static=0
INFO [05-20|14:40:23.131] Successfully sealed new block            number=25 sealhash=0c9e37..3aa978 hash=78a1ac..3a1359 elapsed=3.017s
INFO [05-20|14:40:23.131] 🔗 block reached canonical chain          number=18 hash=1fd699..ae19c1
INFO [05-20|14:40:23.131] 🔨 mined potential block                  number=25 hash=78a1ac..3a1359
INFO [05-20|14:40:23.131] Commit new sealing work                  number=26 sealhash=a0777a..60e336 uncles=0 txs=0 gas=0       fees=0           elapsed="560.095µs"
INFO [05-20|14:40:23.132] Commit new sealing work                  number=26 sealhash=a0777a..60e336 uncles=0 txs=0 gas=0       fees=0           elapsed="884.005µs"
WARN [05-20|14:40:23.189] Snapshot extension registration failed   peer=345985a5 err="peer connected on snap without compatible eth support"
WARN [05-20|14:40:23.360] Snapshot extension registration failed   peer=345e0a82 err="peer connected on snap without compatible eth support"
WARN [05-20|14:40:24.650] Snapshot extension registration failed   peer=3472e8ba err="peer connected on snap without compatible eth support"
INFO [05-20|14:40:24.858] Successfully sealed new block            number=26 sealhash=a0777a..60e336 hash=d33667..fab0b2 elapsed=1.726s
INFO [05-20|14:40:24.858] 🔗 block reached canonical chain          number=19 hash=98ce06..7687fb
INFO [05-20|14:40:24.858] 🔨 mined potential block                  number=26 hash=d33667..fab0b2
INFO [05-20|14:40:24.858] Commit new sealing work                  number=27 sealhash=b3385b..f2c7b3 uncles=0 txs=0 gas=0       fees=0           elapsed="147.427µs"
INFO [05-20|14:40:24.858] Commit new sealing work                  number=27 sealhash=b3385b..f2c7b3 uncles=0 txs=0 gas=0       fees=0           elapsed="307.35µs"
INFO [05-20|14:40:25.778] Successfully sealed new block            number=27 sealhash=b3385b..f2c7b3 hash=f4968a..8239bd elapsed=919.595ms
INFO [05-20|14:40:25.778] 🔗 block reached canonical chain          number=20 hash=857919..d1d24a
INFO [05-20|14:40:25.778] 🔨 mined potential block                  number=27 hash=f4968a..8239bd
INFO [05-20|14:40:25.778] Commit new sealing work                  number=28 sealhash=d5c2dd..47e4e3 uncles=0 txs=0 gas=0       fees=0           elapsed="234.482µs"
INFO [05-20|14:40:25.778] Commit new sealing work                  number=28 sealhash=d5c2dd..47e4e3 uncles=0 txs=0 gas=0       fees=0           elapsed="402.402µs"
INFO [05-20|14:40:30.251] Successfully sealed new block            number=28 sealhash=d5c2dd..47e4e3 hash=26b844..64209d elapsed=4.472s
INFO [05-20|14:40:30.251] 🔗 block reached canonical chain          number=21 hash=1100db..57a553
INFO [05-20|14:40:30.251] 🔨 mined potential block                  number=28 hash=26b844..64209d
INFO [05-20|14:40:30.252] Commit new sealing work                  number=29 sealhash=3f8221..ddd5ea uncles=0 txs=0 gas=0       fees=0           elapsed="920.075µs"
INFO [05-20|14:40:30.252] Commit new sealing work                  number=29 sealhash=3f8221..ddd5ea uncles=0 txs=0 gas=0       fees=0           elapsed=1.317ms
INFO [05-20|14:40:30.955] Successfully sealed new block            number=29 sealhash=3f8221..ddd5ea hash=9c43cf..468553 elapsed=703.753ms
INFO [05-20|14:40:30.955] 🔗 block reached canonical chain          number=22 hash=3738aa..e76515
INFO [05-20|14:40:30.955] 🔨 mined potential block                  number=29 hash=9c43cf..468553
INFO [05-20|14:40:30.955] Commit new sealing work                  number=30 sealhash=c5e72a..d8357c uncles=0 txs=0 gas=0       fees=0           elapsed="160.357µs"
INFO [05-20|14:40:30.955] Commit new sealing work                  number=30 sealhash=c5e72a..d8357c uncles=0 txs=0 gas=0       fees=0           elapsed="425.117µs"
INFO [05-20|14:40:33.091] Looking for peers                        peercount=0 tried=81  static=0
INFO [05-20|14:40:43.282] Looking for peers                        peercount=0 tried=150 static=0
WARN [05-20|14:40:43.904] Snapshot extension registration failed   peer=e3f848dc err="peer connected on snap without compatible eth support"
WARN [05-20|14:40:43.916] Snapshot extension registration failed   peer=e3cec260 err="peer connected on snap without compatible eth support"
INFO [05-20|14:40:44.910] Successfully sealed new block            number=30 sealhash=c5e72a..d8357c hash=a291cb..f2b954 elapsed=13.954s
INFO [05-20|14:40:44.910] 🔗 block reached canonical chain          number=23 hash=ffff87..704b24
INFO [05-20|14:40:44.910] 🔨 mined potential block                  number=30 hash=a291cb..f2b954
INFO [05-20|14:40:44.910] Commit new sealing work                  number=31 sealhash=3801f5..1d1d76 uncles=0 txs=0 gas=0       fees=0           elapsed="249.705µs"
INFO [05-20|14:40:44.910] Commit new sealing work                  number=31 sealhash=3801f5..1d1d76 uncles=0 txs=0 gas=0       fees=0           elapsed="490.296µs"
INFO [05-20|14:40:47.117] Successfully sealed new block            number=31 sealhash=3801f5..1d1d76 hash=ddc381..496c28 elapsed=2.207s
INFO [05-20|14:40:47.118] 🔗 block reached canonical chain          number=24 hash=b71d82..c78283
INFO [05-20|14:40:47.118] 🔨 mined potential block                  number=31 hash=ddc381..496c28
INFO [05-20|14:40:47.118] Commit new sealing work                  number=32 sealhash=af09ad..c33a19 uncles=0 txs=0 gas=0       fees=0           elapsed="574.301µs"
INFO [05-20|14:40:47.118] Commit new sealing work                  number=32 sealhash=af09ad..c33a19 uncles=0 txs=0 gas=0       fees=0           elapsed="865.36µs"
INFO [05-20|14:40:48.402] Successfully sealed new block            number=32 sealhash=af09ad..c33a19 hash=f2a007..adaac0 elapsed=1.283s
INFO [05-20|14:40:48.402] 🔗 block reached canonical chain          number=25 hash=78a1ac..3a1359
INFO [05-20|14:40:48.402] 🔨 mined potential block                  number=32 hash=f2a007..adaac0
INFO [05-20|14:40:48.403] Commit new sealing work                  number=33 sealhash=5b57b5..803083 uncles=0 txs=0 gas=0       fees=0           elapsed="223.773µs"
INFO [05-20|14:40:48.403] Commit new sealing work                  number=33 sealhash=5b57b5..803083 uncles=0 txs=0 gas=0       fees=0           elapsed="473.689µs"
WARN [05-20|14:40:51.229] Caller gas above allowance, capping      requested=4,162,761,532 cap=50,000,000
INFO [05-20|14:40:51.245] Submitted transaction                    hash=0x8c1c430d9559d0b51f47dee26942065b37f518e7404977fc583779492b9edaf9 from=0x6D08a988f8BDcb2DDF217ac088E37d641A1beF9b nonce=1 recipient=0x2feA1474F702f7A45eb15D9D9dc20752Fa09f4a7 value=0
INFO [05-20|14:40:51.404] Commit new sealing work                  number=33 sealhash=1b4bc0..883bec uncles=0 txs=1 gas=92247   fees=9.2247e-05  elapsed="877.399µs"
WARN [05-20|14:40:51.593] Snapshot extension registration failed   peer=c9e03d49 err="peer connected on snap without compatible eth support"
INFO [05-20|14:40:52.367] Successfully sealed new block            number=33 sealhash=1b4bc0..883bec hash=ff9281..3c5bed elapsed=962.760ms
INFO [05-20|14:40:52.367] 🔗 block reached canonical chain          number=26 hash=d33667..fab0b2
INFO [05-20|14:40:52.367] 🔨 mined potential block                  number=33 hash=ff9281..3c5bed
INFO [05-20|14:40:52.367] Commit new sealing work                  number=34 sealhash=bc785d..9dd19c uncles=0 txs=0 gas=0       fees=0           elapsed="144.267µs"
INFO [05-20|14:40:52.367] Commit new sealing work                  number=34 sealhash=bc785d..9dd19c uncles=0 txs=0 gas=0       fees=0           elapsed="283.681µs"
WARN [05-20|14:40:52.429] Caller gas above allowance, capping      requested=4,158,696,337 cap=50,000,000
INFO [05-20|14:40:52.440] Submitted transaction                    hash=0x96ea98db9993dc20064be545e463190b2ee01bcbfb37855d488fef6149713b5a from=0x6D08a988f8BDcb2DDF217ac088E37d641A1beF9b nonce=2 recipient=0x2feA1474F702f7A45eb15D9D9dc20752Fa09f4a7 value=0
INFO [05-20|14:40:53.307] Looking for peers                        peercount=0 tried=164 static=0
WARN [05-20|14:40:53.382] Snapshot extension registration failed   peer=c41f8870 err="peer connected on snap without compatible eth support"
INFO [05-20|14:40:54.527] Successfully sealed new block            number=34 sealhash=bc785d..9dd19c hash=cb9b30..f9a8ba elapsed=2.159s
INFO [05-20|14:40:54.527] 🔗 block reached canonical chain          number=27 hash=f4968a..8239bd
INFO [05-20|14:40:54.528] 🔨 mined potential block                  number=34 hash=cb9b30..f9a8ba
INFO [05-20|14:40:54.528] Commit new sealing work                  number=35 sealhash=f5eafa..635bd4 uncles=0 txs=0 gas=0       fees=0           elapsed="277.238µs"
INFO [05-20|14:40:54.529] Commit new sealing work                  number=35 sealhash=985ae9..ad965e uncles=0 txs=1 gas=134,534 fees=0.000134534 elapsed=1.098ms
INFO [05-20|14:40:55.458] Successfully sealed new block            number=35 sealhash=985ae9..ad965e hash=30a314..93a968 elapsed=929.695ms
INFO [05-20|14:40:55.458] 🔗 block reached canonical chain          number=28 hash=26b844..64209d
INFO [05-20|14:40:55.458] 🔨 mined potential block                  number=35 hash=30a314..93a968
INFO [05-20|14:40:55.459] Commit new sealing work                  number=36 sealhash=3695fd..0597c7 uncles=0 txs=0 gas=0       fees=0           elapsed="324.034µs"
INFO [05-20|14:40:55.459] Commit new sealing work                  number=36 sealhash=3695fd..0597c7 uncles=0 txs=0 gas=0       fees=0           elapsed="556.967µs"
WARN [05-20|14:40:59.800] Snapshot extension registration failed   peer=57d541b8 err="peer connected on snap without compatible eth support"
WARN [05-20|14:40:59.822] Snapshot extension registration failed   peer=6b36f791 err="peer connected on snap without compatible eth support"
WARN [05-20|14:41:00.170] Snapshot extension registration failed   peer=04b9809a err="peer connected on snap without compatible eth support"
WARN [05-20|14:41:00.661] Snapshot extension registration failed   peer=04e2176b err="peer connected on snap without compatible eth support"
WARN [05-20|14:41:01.910] Snapshot extension registration failed   peer=057e95d3 err="peer connected on snap without compatible eth support"
WARN [05-20|14:41:01.923] Snapshot extension registration failed   peer=05257f94 err="peer connected on snap without compatible eth support"
WARN [05-20|14:41:01.978] Snapshot extension registration failed   peer=052a197a err="peer connected on snap without compatible eth support"
INFO [05-20|14:41:03.326] Looking for peers                        peercount=1 tried=190 static=0
INFO [05-20|14:41:03.671] Successfully sealed new block            number=36 sealhash=3695fd..0597c7 hash=4fe1c7..79c0ec elapsed=8.212s
INFO [05-20|14:41:03.671] 🔗 block reached canonical chain          number=29 hash=9c43cf..468553
INFO [05-20|14:41:03.672] 🔨 mined potential block                  number=36 hash=4fe1c7..79c0ec
INFO [05-20|14:41:03.672] Commit new sealing work                  number=37 sealhash=e87795..7596b3 uncles=0 txs=0 gas=0       fees=0           elapsed="143.042µs"
INFO [05-20|14:41:03.672] Commit new sealing work                  number=37 sealhash=e87795..7596b3 uncles=0 txs=0 gas=0       fees=0           elapsed="619.481µs"
WARN [05-20|14:41:06.424] Snapshot extension registration failed   peer=05408478 err="peer connected on snap without compatible eth support"
WARN [05-20|14:41:09.370] Snapshot extension registration failed   peer=a9c7d608 err="peer connected on snap without compatible eth support"
WARN [05-20|14:41:09.528] Snapshot extension registration failed   peer=b2ca15aa err="peer connected on snap without compatible eth support"
INFO [05-20|14:41:10.566] Successfully sealed new block            number=37 sealhash=e87795..7596b3 hash=9a059c..981e45 elapsed=6.894s
INFO [05-20|14:41:10.566] 🔗 block reached canonical chain          number=30 hash=a291cb..f2b954
INFO [05-20|14:41:10.566] 🔨 mined potential block                  number=37 hash=9a059c..981e45
INFO [05-20|14:41:10.566] Commit new sealing work                  number=38 sealhash=94b036..a267e7 uncles=0 txs=0 gas=0       fees=0           elapsed="112.245µs"
INFO [05-20|14:41:10.567] Commit new sealing work                  number=38 sealhash=94b036..a267e7 uncles=0 txs=0 gas=0       fees=0           elapsed="242.298µs"
WARN [05-20|14:41:10.690] Snapshot extension registration failed   peer=bd96d12e err="peer connected on snap without compatible eth support"
WARN [05-20|14:41:11.150] Snapshot extension registration failed   peer=be0720b0 err="peer connected on snap without compatible eth support"
INFO [05-20|14:41:11.550] Successfully sealed new block            number=38 sealhash=94b036..a267e7 hash=c111d0..b392e3 elapsed=983.800ms
INFO [05-20|14:41:11.550] 🔗 block reached canonical chain          number=31 hash=ddc381..496c28
INFO [05-20|14:41:11.550] 🔨 mined potential block                  number=38 hash=c111d0..b392e3
INFO [05-20|14:41:11.551] Commit new sealing work                  number=39 sealhash=02b007..b454f6 uncles=0 txs=0 gas=0       fees=0           elapsed="252.302µs"
INFO [05-20|14:41:11.551] Commit new sealing work                  number=39 sealhash=02b007..b454f6 uncles=0 txs=0 gas=0       fees=0           elapsed="447.131µs"
INFO [05-20|14:41:12.904] Successfully sealed new block            number=39 sealhash=02b007..b454f6 hash=e9da12..101c93 elapsed=1.353s
INFO [05-20|14:41:12.905] 🔗 block reached canonical chain          number=32 hash=f2a007..adaac0
INFO [05-20|14:41:12.905] 🔨 mined potential block                  number=39 hash=e9da12..101c93
INFO [05-20|14:41:12.905] Commit new sealing work                  number=40 sealhash=cb3f50..a8cef9 uncles=0 txs=0 gas=0       fees=0           elapsed="278.12µs"
INFO [05-20|14:41:12.905] Commit new sealing work                  number=40 sealhash=cb3f50..a8cef9 uncles=0 txs=0 gas=0       fees=0           elapsed="592.046µs"
INFO [05-20|14:41:13.355] Looking for peers                        peercount=0 tried=118 static=0
INFO [05-20|14:41:16.909] Successfully sealed new block            number=40 sealhash=cb3f50..a8cef9 hash=ca6558..af0e2e elapsed=4.004s
INFO [05-20|14:41:16.909] 🔗 block reached canonical chain          number=33 hash=ff9281..3c5bed
INFO [05-20|14:41:16.909] 🔨 mined potential block                  number=40 hash=ca6558..af0e2e
INFO [05-20|14:41:16.910] Commit new sealing work                  number=41 sealhash=2d721a..72a145 uncles=0 txs=0 gas=0       fees=0           elapsed="250.945µs"
INFO [05-20|14:41:16.910] Commit new sealing work                  number=41 sealhash=2d721a..72a145 uncles=0 txs=0 gas=0       fees=0           elapsed="477.609µs"
INFO [05-20|14:41:19.280] Successfully sealed new block            number=41 sealhash=2d721a..72a145 hash=4528e0..01429f elapsed=2.370s
INFO [05-20|14:41:19.280] 🔗 block reached canonical chain          number=34 hash=cb9b30..f9a8ba
INFO [05-20|14:41:19.281] 🔨 mined potential block                  number=41 hash=4528e0..01429f
INFO [05-20|14:41:19.281] Commit new sealing work                  number=42 sealhash=7f09a0..7ecb2e uncles=0 txs=0 gas=0       fees=0           elapsed="222.779µs"
INFO [05-20|14:41:19.281] Commit new sealing work                  number=42 sealhash=7f09a0..7ecb2e uncles=0 txs=0 gas=0       fees=0           elapsed="406.717µs"
